<?xml version="1.0" encoding="UTF-8"?>
<!-- Generated by org.testng.reporters.JUnitXMLReporter -->
<testsuite ignored="0" hostname="LAPTOP-MKHIA1KQ" failures="0" tests="6" name="Command line test" time="0.022" errors="0" timestamp="18 Jun. 2019 21:39:42 GMT">
  <testcase classname="qaclickacademy.AppiumTest" name="Appium" time="0.004"/>
  <testcase classname="qaclickacademy.AppiumTest" name="Appiummethod" time="0.0"/>
  <testcase classname="qaclickacademy.RestApiTest" name="RestApi" time="0.0"/>
  <testcase classname="qaclickacademy.RestApiTest" name="RestApimethod" time="0.0"/>
  <testcase classname="qaclickacademy.SeleniumTest" name="seleniumTest" time="0.0"/>
  <testcase classname="qaclickacademy.SeleniumTest" name="seleniummethod" time="0.0"/>
</testsuite> <!-- Command line test -->
