<?xml version="1.0" encoding="UTF-8"?>
<!-- Generated by org.testng.reporters.JUnitXMLReporter -->
<testsuite ignored="0" hostname="LAPTOP-MKHIA1KQ" failures="0" tests="4" name="Test" time="0.024" errors="0" timestamp="18 Jun. 2019 21:39:55 GMT">
  <testcase classname="qaclickacademy.RestApiTest" name="RestApi" time="0.005"/>
  <testcase classname="qaclickacademy.RestApiTest" name="RestApimethod" time="0.0"/>
  <testcase classname="qaclickacademy.SeleniumTest" name="seleniumTest" time="0.0"/>
  <testcase classname="qaclickacademy.SeleniumTest" name="seleniummethod" time="0.0"/>
</testsuite> <!-- Test -->
