<?xml version="1.0" encoding="UTF-8"?>
<testng-results ignored="0" total="4" passed="4" failed="0" skipped="0">
  <reporter-output>
  </reporter-output>
  <suite started-at="2019-06-18T21:39:55Z" name="Suite" finished-at="2019-06-18T21:39:55Z" duration-ms="24">
    <groups>
    </groups>
    <test started-at="2019-06-18T21:39:55Z" name="Test" finished-at="2019-06-18T21:39:55Z" duration-ms="24">
      <class name="qaclickacademy.SeleniumTest">
        <test-method signature="seleniummethod()[pri:0, instance:qaclickacademy.SeleniumTest@473b46c3]" started-at="2019-06-18T17:39:55Z" name="seleniummethod" finished-at="2019-06-18T17:39:55Z" duration-ms="0" status="PASS">
          <reporter-output>
          </reporter-output>
        </test-method> <!-- seleniummethod -->
        <test-method signature="seleniumTest()[pri:0, instance:qaclickacademy.SeleniumTest@473b46c3]" started-at="2019-06-18T17:39:55Z" name="seleniumTest" finished-at="2019-06-18T17:39:55Z" duration-ms="0" status="PASS">
          <reporter-output>
          </reporter-output>
        </test-method> <!-- seleniumTest -->
      </class> <!-- qaclickacademy.SeleniumTest -->
      <class name="qaclickacademy.RestApiTest">
        <test-method signature="RestApi()[pri:0, instance:qaclickacademy.RestApiTest@59717824]" started-at="2019-06-18T17:39:55Z" name="RestApi" finished-at="2019-06-18T17:39:55Z" duration-ms="5" status="PASS">
          <reporter-output>
          </reporter-output>
        </test-method> <!-- RestApi -->
        <test-method signature="RestApimethod()[pri:0, instance:qaclickacademy.RestApiTest@59717824]" started-at="2019-06-18T17:39:55Z" name="RestApimethod" finished-at="2019-06-18T17:39:55Z" duration-ms="0" status="PASS">
          <reporter-output>
          </reporter-output>
        </test-method> <!-- RestApimethod -->
      </class> <!-- qaclickacademy.RestApiTest -->
    </test> <!-- Test -->
  </suite> <!-- Suite -->
</testng-results>
